<?xml version="1.0" encoding="UTF-8"?>
<testng-results skipped="0" failed="0" ignored="0" total="1" passed="1">
  <reporter-output>
  </reporter-output>
  <suite name="Suite1" duration-ms="8774" started-at="2020-11-30T22:19:38Z" finished-at="2020-11-30T22:19:47Z">
    <groups>
      <group name="cucumber">
        <method signature="AbstractTestNGCucumberTests.feature(cucumber.api.testng.CucumberFeatureWrapper)[pri:0, instance:com.careerhack.runners.TestRunner@2d9d4f9d]" name="feature" class="cucumber.api.testng.AbstractTestNGCucumberTests"/>
      </group> <!-- cucumber -->
    </groups>
    <test name="Nopackage" duration-ms="8774" started-at="2020-11-30T22:19:38Z" finished-at="2020-11-30T22:19:47Z">
      <class name="com.careerhack.runners.TestRunner">
        <test-method status="PASS" signature="setUpClass()[pri:0, instance:com.careerhack.runners.TestRunner@2d9d4f9d]" name="setUpClass" is-config="true" duration-ms="260" started-at="2020-11-30T22:19:38Z" finished-at="2020-11-30T22:19:38Z">
          <reporter-output>
          </reporter-output>
        </test-method> <!-- setUpClass -->
        <test-method status="PASS" signature="feature(cucumber.api.testng.CucumberFeatureWrapper)[pri:0, instance:com.careerhack.runners.TestRunner@2d9d4f9d]" name="feature" duration-ms="8371" started-at="2020-11-30T22:19:38Z" description="Runs Cucumber Feature" data-provider="features" finished-at="2020-11-30T22:19:47Z">
          <params>
            <param index="0">
              <value>
                <![CDATA[Quick Find Search]]>
              </value>
            </param>
          </params>
          <reporter-output>
          </reporter-output>
        </test-method> <!-- feature -->
        <test-method status="PASS" signature="tearDownClass()[pri:0, instance:com.careerhack.runners.TestRunner@2d9d4f9d]" name="tearDownClass" is-config="true" duration-ms="4" started-at="2020-11-30T22:19:47Z" finished-at="2020-11-30T22:19:47Z">
          <reporter-output>
          </reporter-output>
        </test-method> <!-- tearDownClass -->
      </class> <!-- com.careerhack.runners.TestRunner -->
    </test> <!-- Nopackage -->
  </suite> <!-- Suite1 -->
</testng-results>
